Using pre-set license
Built from '2020.3/staging' branch; Version is '2020.3.19f1 (68f137dc9bbe) revision 6877495'; Using compiler version '192528614'; Build Type 'Release'
OS: 'Windows 10 Education; OS build 19043.1237; Version 2009; 64bit' Language: 'en' Physical Memory: 8163 MB
BatchMode: 1, IsHumanControllingUs: 0, StartBugReporterOnCrash: 0, Is64bit: 1, IsPro: 0

COMMAND LINE ARGUMENTS:
C:\Program Files\Unity\Hub\Editor\2020.3.19f1\Editor\Unity.exe
-adb2
-batchMode
-noUpm
-name
AssetImportWorker1
-projectPath
E:/Unity Projects/LudumDare49
-logFile
Logs/AssetImportWorker1.log
-srvPort
56030
Successfully changed project path to: E:/Unity Projects/LudumDare49
E:/Unity Projects/LudumDare49
Using Asset Import Pipeline V2.
Refreshing native plugins compatible for Editor in 70.46 ms, found 3 plugins.
Preloading 0 native plugins for Editor in 0.00 ms.
Initialize engine version: 2020.3.19f1 (68f137dc9bbe)
[Subsystems] Discovering subsystems at path C:/Program Files/Unity/Hub/Editor/2020.3.19f1/Editor/Data/Resources/UnitySubsystems
[Subsystems] Discovering subsystems at path E:/Unity Projects/LudumDare49/Assets
GfxDevice: creating device client; threaded=0
Direct3D:
    Version:  Direct3D 11.0 [level 11.1]
    Renderer: NVIDIA GeForce GTX 960 (ID=0x1401)
    Vendor:   
    VRAM:     4053 MB
    Driver:   26.21.14.4575
Initialize mono
Mono path[0] = 'C:/Program Files/Unity/Hub/Editor/2020.3.19f1/Editor/Data/Managed'
Mono path[1] = 'C:/Program Files/Unity/Hub/Editor/2020.3.19f1/Editor/Data/MonoBleedingEdge/lib/mono/unityjit'
Mono config path = 'C:/Program Files/Unity/Hub/Editor/2020.3.19f1/Editor/Data/MonoBleedingEdge/etc'
Using monoOptions --debugger-agent=transport=dt_socket,embedding=1,server=y,suspend=n,address=127.0.0.1:56480
Begin MonoManager ReloadAssembly
Registering precompiled unity dll's ...
Register platform support module: C:/Program Files/Unity/Hub/Editor/2020.3.19f1/Editor/Data/PlaybackEngines/WindowsStandaloneSupport/UnityEditor.WindowsStandalone.Extensions.dll
Registered in 0.003925 seconds.
Native extension for WindowsStandalone target not found
Refreshing native plugins compatible for Editor in 68.67 ms, found 3 plugins.
Preloading 0 native plugins for Editor in 0.00 ms.
Mono: successfully reloaded assembly
- Completed reload, in  2.388 seconds
Domain Reload Profiling:
	ReloadAssembly (2388ms)
		BeginReloadAssembly (90ms)
			ExecutionOrderSort (0ms)
			DisableScriptedObjects (0ms)
			BackupInstance (0ms)
			ReleaseScriptingObjects (0ms)
			CreateAndSetChildDomain (1ms)
		EndReloadAssembly (807ms)
			LoadAssemblies (86ms)
			RebuildTransferFunctionScriptingTraits (0ms)
			SetupTypeCache (389ms)
			ReleaseScriptCaches (0ms)
			RebuildScriptCaches (52ms)
			SetupLoadedEditorAssemblies (266ms)
				LogAssemblyErrors (0ms)
				InitializePlatformSupportModulesInManaged (5ms)
				SetLoadedEditorAssemblies (0ms)
				RefreshPlugins (69ms)
				BeforeProcessingInitializeOnLoad (17ms)
				ProcessInitializeOnLoadAttributes (123ms)
				ProcessInitializeOnLoadMethodAttributes (52ms)
				AfterProcessingInitializeOnLoad (0ms)
				EditorAssembliesLoaded (0ms)
			ExecutionOrderSort2 (0ms)
			AwakeInstancesAfterBackupRestoration (0ms)
Platform modules already initialized, skipping
Registering precompiled user dll's ...
Registered in 0.004907 seconds.
Begin MonoManager ReloadAssembly
Native extension for WindowsStandalone target not found
Refreshing native plugins compatible for Editor in 68.77 ms, found 3 plugins.
Preloading 0 native plugins for Editor in 0.00 ms.
Mono: successfully reloaded assembly
- Completed reload, in  1.867 seconds
Domain Reload Profiling:
	ReloadAssembly (1869ms)
		BeginReloadAssembly (235ms)
			ExecutionOrderSort (0ms)
			DisableScriptedObjects (7ms)
			BackupInstance (0ms)
			ReleaseScriptingObjects (0ms)
			CreateAndSetChildDomain (28ms)
		EndReloadAssembly (1523ms)
			LoadAssemblies (147ms)
			RebuildTransferFunctionScriptingTraits (0ms)
			SetupTypeCache (515ms)
			ReleaseScriptCaches (1ms)
			RebuildScriptCaches (80ms)
			SetupLoadedEditorAssemblies (598ms)
				LogAssemblyErrors (0ms)
				InitializePlatformSupportModulesInManaged (5ms)
				SetLoadedEditorAssemblies (0ms)
				RefreshPlugins (69ms)
				BeforeProcessingInitializeOnLoad (113ms)
				ProcessInitializeOnLoadAttributes (376ms)
				ProcessInitializeOnLoadMethodAttributes (19ms)
				AfterProcessingInitializeOnLoad (15ms)
				EditorAssembliesLoaded (0ms)
			ExecutionOrderSort2 (0ms)
			AwakeInstancesAfterBackupRestoration (11ms)
Platform modules already initialized, skipping
========================================================================
Worker process is ready to serve import requests
Launched and connected shader compiler UnityShaderCompiler.exe after 0.16 seconds
Refreshing native plugins compatible for Editor in 0.74 ms, found 3 plugins.
Preloading 0 native plugins for Editor in 0.00 ms.
Unloading 2105 Unused Serialized files (Serialized files now loaded: 0)
System memory in use before: 93.4 MB.
System memory in use after: 93.5 MB.

Unloading 26 unused Assets to reduce memory usage. Loaded Objects now: 2545.
Total: 4.411800 ms (FindLiveObjects: 0.407500 ms CreateObjectMapping: 0.112100 ms MarkObjects: 3.793800 ms  DeleteObjects: 0.096700 ms)

AssetImportParameters requested are different than current active one (requested -> active):
  custom:framework-win-MediaFoundation: 216162199b28c13a410421893ffa2e32 -> 
  custom:video-decoder-ogg-theora: a1e56fd34408186e4bbccfd4996cb3dc -> 
  custom:container-muxer-webm: aa71ff27fc2769a1b78a27578f13a17b -> 
  custom:container-demuxer-webm: 4f35f7cbe854078d1ac9338744f61a02 -> 
  custom:container-demuxer-ogg: 62fdf1f143b41e24485cea50d1cbac27 -> 
  custom:video-encoder-webm-vp8: eb34c28f22e8b96e1ab97ce403110664 -> 
  custom:video-codec-MediaFoundation-h265: 746d11721c4dcdbdad8f713fa42b33f4 -> 
  custom:video-decoder-webm-vp8: 9c59270c3fd7afecdb556c50c9e8de78 -> 
  custom:audio-decoder-ogg-vorbis: bf7c407c2cedff20999df2af8eb42d56 -> 
  custom:audio-encoder-webm-vorbis: bf7c407c2cedff20999df2af8eb42d56 -> 
========================================================================
Received Import Request.
  path: Assets/Sprites/Sprites
  artifactKey: Guid(b01da8082ecb8b84fb05f49801b08d0d) Importer(815301076,1909f56bfc062723c751e8b465ee728b)
Start importing Assets/Sprites/Sprites using Guid(b01da8082ecb8b84fb05f49801b08d0d) Importer(815301076,1909f56bfc062723c751e8b465ee728b)  -> (artifact id: '2913248e675fbb26f9f6bb5f678df60f') in 0.014305 seconds 
  Import took 0.021227 seconds .

========================================================================
Received Import Request.
  Time since last request: 0.000310 seconds.
  path: Assets/Sprites/Sprites/title_background.png
  artifactKey: Guid(04e3aa3d326009d498d0aa42e7d02038) Importer(815301076,1909f56bfc062723c751e8b465ee728b)
Start importing Assets/Sprites/Sprites/title_background.png using Guid(04e3aa3d326009d498d0aa42e7d02038) Importer(815301076,1909f56bfc062723c751e8b465ee728b)  -> (artifact id: 'f3242ed4b18e93716e337db962c70c51') in 0.141752 seconds 
  Import took 0.145833 seconds .

========================================================================
Received Import Request.
  Time since last request: 0.000275 seconds.
  path: Assets/Sprites/Sprites/Cat
  artifactKey: Guid(4188d8b01d4c2bf45b009b08c3982d99) Importer(815301076,1909f56bfc062723c751e8b465ee728b)
Start importing Assets/Sprites/Sprites/Cat using Guid(4188d8b01d4c2bf45b009b08c3982d99) Importer(815301076,1909f56bfc062723c751e8b465ee728b)  -> (artifact id: '7a9a02db967a74a2ca6a0739fc6a6cd3') in 0.008394 seconds 
  Import took 0.012812 seconds .

========================================================================
Received Import Request.
  Time since last request: 9.621634 seconds.
  path: Assets/Sprites/title_background.png
  artifactKey: Guid(aec0d6c365eaaec49b818cf222741f85) Importer(815301076,1909f56bfc062723c751e8b465ee728b)
Start importing Assets/Sprites/title_background.png using Guid(aec0d6c365eaaec49b818cf222741f85) Importer(815301076,1909f56bfc062723c751e8b465ee728b)  -> (artifact id: 'a9f35fcaf05db8a62c47498042316d8c') in 0.023300 seconds 
  Import took 0.047096 seconds .

========================================================================
Received Import Request.
  Time since last request: 6.663951 seconds.
  path: Assets/Sprites/Temp
  artifactKey: Guid(d936bf7ec7a63b64aa283dc0e2d128e0) Importer(815301076,1909f56bfc062723c751e8b465ee728b)
Start importing Assets/Sprites/Temp using Guid(d936bf7ec7a63b64aa283dc0e2d128e0) Importer(815301076,1909f56bfc062723c751e8b465ee728b)  -> (artifact id: 'b8a3b22d8be2b1089a91cdbb047f2f07') in 0.008550 seconds 
  Import took 0.013125 seconds .

========================================================================
Received Import Request.
  Time since last request: 0.025204 seconds.
  path: Assets/Sprites/Temp/Background.png
  artifactKey: Guid(f3c7571e3e311bd49b70a033828d2b8d) Importer(815301076,1909f56bfc062723c751e8b465ee728b)
Start importing Assets/Sprites/Temp/Background.png using Guid(f3c7571e3e311bd49b70a033828d2b8d) Importer(815301076,1909f56bfc062723c751e8b465ee728b)  -> (artifact id: '097c4267c76af24a63478b8f641c89a6') in 0.019950 seconds 
  Import took 0.024587 seconds .

========================================================================
Received Import Request.
  Time since last request: 0.000264 seconds.
  path: Assets/Sprites/Temp/Computer.png
  artifactKey: Guid(60d28f687f6493347931051b83f41984) Importer(815301076,1909f56bfc062723c751e8b465ee728b)
Start importing Assets/Sprites/Temp/Computer.png using Guid(60d28f687f6493347931051b83f41984) Importer(815301076,1909f56bfc062723c751e8b465ee728b)  -> (artifact id: 'a002f021fe16063840f8e0fd5e758e3f') in 0.019338 seconds 
  Import took 0.023276 seconds .

========================================================================
Received Import Request.
  Time since last request: 0.000270 seconds.
  path: Assets/Sprites/Temp/Generator.png
  artifactKey: Guid(11687e2ee255f4947aba1d3ae6d94243) Importer(815301076,1909f56bfc062723c751e8b465ee728b)
Start importing Assets/Sprites/Temp/Generator.png using Guid(11687e2ee255f4947aba1d3ae6d94243) Importer(815301076,1909f56bfc062723c751e8b465ee728b)  -> (artifact id: '55a4bcfa35de312a2af06a9b542ab08b') in 0.019591 seconds 
  Import took 0.023676 seconds .

========================================================================
Received Import Request.
  Time since last request: 0.000324 seconds.
  path: Assets/Sprites/Temp/Cat.png
  artifactKey: Guid(85c7eacfb23447243a99834884601a2d) Importer(815301076,1909f56bfc062723c751e8b465ee728b)
Start importing Assets/Sprites/Temp/Cat.png using Guid(85c7eacfb23447243a99834884601a2d) Importer(815301076,1909f56bfc062723c751e8b465ee728b)  -> (artifact id: '15d8fbd6a29715373e0ad852cb3bbfc5') in 0.017971 seconds 
  Import took 0.023031 seconds .

========================================================================
Received Import Request.
  Time since last request: 130.259251 seconds.
  path: Assets/Sprites/Main
  artifactKey: Guid(e737fb04105158643b56ff7c50c89661) Importer(815301076,1909f56bfc062723c751e8b465ee728b)
Start importing Assets/Sprites/Main using Guid(e737fb04105158643b56ff7c50c89661) Importer(815301076,1909f56bfc062723c751e8b465ee728b)  -> (artifact id: 'ad7738e22bcbd05c823a20f7c27b812f') in 0.010690 seconds 
  Import took 0.015629 seconds .

========================================================================
Received Import Request.
  Time since last request: 0.079962 seconds.
  path: Assets/Sprites/Main/background.png
  artifactKey: Guid(5fbb622755719234895ff2e8e95e22ee) Importer(815301076,1909f56bfc062723c751e8b465ee728b)
Start importing Assets/Sprites/Main/background.png using Guid(5fbb622755719234895ff2e8e95e22ee) Importer(815301076,1909f56bfc062723c751e8b465ee728b)  -> (artifact id: '70a6e43d54b63690911ac6546ab1793e') in 0.022002 seconds 
  Import took 0.026582 seconds .

========================================================================
Received Import Request.
  Time since last request: 0.000248 seconds.
  path: Assets/Sprites/Main/bro_indicator_1.png
  artifactKey: Guid(6f5bf140d02850947abc33db16a431c2) Importer(815301076,1909f56bfc062723c751e8b465ee728b)
Start importing Assets/Sprites/Main/bro_indicator_1.png using Guid(6f5bf140d02850947abc33db16a431c2) Importer(815301076,1909f56bfc062723c751e8b465ee728b)  -> (artifact id: 'c3ca2a19d358564f64207391777c1273') in 0.022266 seconds 
  Import took 0.026249 seconds .

========================================================================
Received Import Request.
  Time since last request: 0.000274 seconds.
  path: Assets/Sprites/Main/generator_indicator_1.png
  artifactKey: Guid(92e6e7cbc3ee0e74a9513e62561e93ae) Importer(815301076,1909f56bfc062723c751e8b465ee728b)
Start importing Assets/Sprites/Main/generator_indicator_1.png using Guid(92e6e7cbc3ee0e74a9513e62561e93ae) Importer(815301076,1909f56bfc062723c751e8b465ee728b)  -> (artifact id: 'a165790eb71bfb0d41404b47b15628a7') in 0.040816 seconds 
  Import took 0.044729 seconds .

========================================================================
Received Import Request.
  Time since last request: 0.000329 seconds.
  path: Assets/Sprites/Main/shittop_indicator_1.png
  artifactKey: Guid(776df358751dec0408d03ffc3c565e80) Importer(815301076,1909f56bfc062723c751e8b465ee728b)
Start importing Assets/Sprites/Main/shittop_indicator_1.png using Guid(776df358751dec0408d03ffc3c565e80) Importer(815301076,1909f56bfc062723c751e8b465ee728b)  -> (artifact id: '845c357913498aa17d2042cc42563b95') in 0.020113 seconds 
  Import took 0.024171 seconds .

========================================================================
Received Import Request.
  Time since last request: 0.000316 seconds.
  path: Assets/Sprites/Main/cat_idle.png
  artifactKey: Guid(371c3a5d345c92a4ba1bd819c965f427) Importer(815301076,1909f56bfc062723c751e8b465ee728b)
Start importing Assets/Sprites/Main/cat_idle.png using Guid(371c3a5d345c92a4ba1bd819c965f427) Importer(815301076,1909f56bfc062723c751e8b465ee728b)  -> (artifact id: '20337f11be7e6312a806203e02c2ef2f') in 0.025552 seconds 
  Import took 0.029759 seconds .

========================================================================
Received Import Request.
  Time since last request: 0.000333 seconds.
  path: Assets/Sprites/Main/door_indicator_0.png
  artifactKey: Guid(14ef7c57f5d706c429e82fec4e69516d) Importer(815301076,1909f56bfc062723c751e8b465ee728b)
Start importing Assets/Sprites/Main/door_indicator_0.png using Guid(14ef7c57f5d706c429e82fec4e69516d) Importer(815301076,1909f56bfc062723c751e8b465ee728b)  -> (artifact id: 'a1863f277a5023a99bb50e800e20da2e') in 0.026406 seconds 
  Import took 0.030544 seconds .

========================================================================
Received Import Request.
  Time since last request: 0.000302 seconds.
  path: Assets/Sprites/Main/generator_idle.png
  artifactKey: Guid(f4a64dc79678f5640a9f1b8532eb6196) Importer(815301076,1909f56bfc062723c751e8b465ee728b)
Start importing Assets/Sprites/Main/generator_idle.png using Guid(f4a64dc79678f5640a9f1b8532eb6196) Importer(815301076,1909f56bfc062723c751e8b465ee728b)  -> (artifact id: '0fd3b8e460d72df3eff63ba403dfb44a') in 0.025256 seconds 
  Import took 0.029657 seconds .

========================================================================
Received Import Request.
  Time since last request: 0.000391 seconds.
  path: Assets/Sprites/Main/bro_idle.png
  artifactKey: Guid(84cfaeb7f1ab7b64eba66c6e2c3f21fc) Importer(815301076,1909f56bfc062723c751e8b465ee728b)
Start importing Assets/Sprites/Main/bro_idle.png using Guid(84cfaeb7f1ab7b64eba66c6e2c3f21fc) Importer(815301076,1909f56bfc062723c751e8b465ee728b)  -> (artifact id: '299724ab108c675beb8af58fa7155f2c') in 0.021811 seconds 
  Import took 0.025844 seconds .

========================================================================
Received Import Request.
  Time since last request: 0.000297 seconds.
  path: Assets/Sprites/Main/shittop_idle.png
  artifactKey: Guid(0dd078106e82b7a419b670dccb18096a) Importer(815301076,1909f56bfc062723c751e8b465ee728b)
Start importing Assets/Sprites/Main/shittop_idle.png using Guid(0dd078106e82b7a419b670dccb18096a) Importer(815301076,1909f56bfc062723c751e8b465ee728b)  -> (artifact id: 'df864b7cd163ea94b5acfe17f88ba499') in 0.022994 seconds 
  Import took 0.027185 seconds .

========================================================================
Received Import Request.
  Time since last request: 0.000319 seconds.
  path: Assets/Sprites/Main/shittop_indicator_0.png
  artifactKey: Guid(2ac56878213d9d943b7e087e45a1bd2c) Importer(815301076,1909f56bfc062723c751e8b465ee728b)
Start importing Assets/Sprites/Main/shittop_indicator_0.png using Guid(2ac56878213d9d943b7e087e45a1bd2c) Importer(815301076,1909f56bfc062723c751e8b465ee728b)  -> (artifact id: 'b6225b7234c36ee71a89e1161e9f8b59') in 0.024523 seconds 
  Import took 0.047482 seconds .

========================================================================
Received Import Request.
  Time since last request: 0.000321 seconds.
  path: Assets/Sprites/Main/router_indicator_1.png
  artifactKey: Guid(113cc85361549804195d89cd240581c9) Importer(815301076,1909f56bfc062723c751e8b465ee728b)
Start importing Assets/Sprites/Main/router_indicator_1.png using Guid(113cc85361549804195d89cd240581c9) Importer(815301076,1909f56bfc062723c751e8b465ee728b)  -> (artifact id: 'c17dce189e48ada7f1c98cc3a892790d') in 0.021027 seconds 
  Import took 0.025160 seconds .

========================================================================
Received Import Request.
  Time since last request: 0.000303 seconds.
  path: Assets/Sprites/Main/router_idle.png
  artifactKey: Guid(29ba892efbb1a4c418a8b9013023d73c) Importer(815301076,1909f56bfc062723c751e8b465ee728b)
Start importing Assets/Sprites/Main/router_idle.png using Guid(29ba892efbb1a4c418a8b9013023d73c) Importer(815301076,1909f56bfc062723c751e8b465ee728b)  -> (artifact id: '75f56110406eeb577ecf7bc42d1defe5') in 0.023152 seconds 
  Import took 0.027743 seconds .

========================================================================
Received Import Request.
  Time since last request: 0.000222 seconds.
  path: Assets/Sprites/Main/door_indicator_1.png
  artifactKey: Guid(45a3f28430d46734c8b55c6d98ffa40c) Importer(815301076,1909f56bfc062723c751e8b465ee728b)
Start importing Assets/Sprites/Main/door_indicator_1.png using Guid(45a3f28430d46734c8b55c6d98ffa40c) Importer(815301076,1909f56bfc062723c751e8b465ee728b)  -> (artifact id: 'e2a07542c50962b7d5dd2e9ebbd99d43') in 0.024179 seconds 
  Import took 0.028444 seconds .

========================================================================
Received Import Request.
  Time since last request: 0.000300 seconds.
  path: Assets/Sprites/Main/bro_indicator_0.png
  artifactKey: Guid(dd6a727c8a7f91042bb133b98e4dec91) Importer(815301076,1909f56bfc062723c751e8b465ee728b)
Start importing Assets/Sprites/Main/bro_indicator_0.png using Guid(dd6a727c8a7f91042bb133b98e4dec91) Importer(815301076,1909f56bfc062723c751e8b465ee728b)  -> (artifact id: '28639cd6ea314a613362145f65c97f8a') in 0.021469 seconds 
  Import took 0.025764 seconds .

========================================================================
Received Import Request.
  Time since last request: 0.000268 seconds.
  path: Assets/Sprites/Main/router_indicator_0.png
  artifactKey: Guid(877225de0ac755c47866b7d105611eb6) Importer(815301076,1909f56bfc062723c751e8b465ee728b)
Start importing Assets/Sprites/Main/router_indicator_0.png using Guid(877225de0ac755c47866b7d105611eb6) Importer(815301076,1909f56bfc062723c751e8b465ee728b)  -> (artifact id: '0f3aefd268bcc257f5552720e8a1a523') in 0.021486 seconds 
  Import took 0.025474 seconds .

========================================================================
Received Import Request.
  Time since last request: 0.000307 seconds.
  path: Assets/Sprites/Main/generator_indicator_0.png
  artifactKey: Guid(1be19a4b5e569db4ea1cbf5cd24501a7) Importer(815301076,1909f56bfc062723c751e8b465ee728b)
Start importing Assets/Sprites/Main/generator_indicator_0.png using Guid(1be19a4b5e569db4ea1cbf5cd24501a7) Importer(815301076,1909f56bfc062723c751e8b465ee728b)  -> (artifact id: '19c035c9bbd784f0347e2724c03c90b4') in 0.023795 seconds 
  Import took 0.028164 seconds .

========================================================================
Received Import Request.
  Time since last request: 0.000267 seconds.
  path: Assets/Sprites/Main/cat_indicator_1.png
  artifactKey: Guid(9abb23344b746cf4aae17a811745972c) Importer(815301076,1909f56bfc062723c751e8b465ee728b)
Start importing Assets/Sprites/Main/cat_indicator_1.png using Guid(9abb23344b746cf4aae17a811745972c) Importer(815301076,1909f56bfc062723c751e8b465ee728b)  -> (artifact id: '56d2826d5934af746d76f7304bd793e9') in 0.021138 seconds 
  Import took 0.025431 seconds .

========================================================================
Received Import Request.
  Time since last request: 0.000329 seconds.
  path: Assets/Sprites/Main/cat_indicator_0.png
  artifactKey: Guid(299607653c0cb3b4f883118d8526eefa) Importer(815301076,1909f56bfc062723c751e8b465ee728b)
Start importing Assets/Sprites/Main/cat_indicator_0.png using Guid(299607653c0cb3b4f883118d8526eefa) Importer(815301076,1909f56bfc062723c751e8b465ee728b)  -> (artifact id: '07041d66a60e511783a88a79549ab5cb') in 0.022912 seconds 
  Import took 0.027053 seconds .

========================================================================
Received Prepare
Registering precompiled user dll's ...
Registered in 0.004766 seconds.
Begin MonoManager ReloadAssembly
Native extension for WindowsStandalone target not found
Refreshing native plugins compatible for Editor in 0.74 ms, found 3 plugins.
Preloading 0 native plugins for Editor in 0.00 ms.
Mono: successfully reloaded assembly
- Completed reload, in  1.604 seconds
Domain Reload Profiling:
	ReloadAssembly (1604ms)
		BeginReloadAssembly (183ms)
			ExecutionOrderSort (0ms)
			DisableScriptedObjects (9ms)
			BackupInstance (0ms)
			ReleaseScriptingObjects (0ms)
			CreateAndSetChildDomain (56ms)
		EndReloadAssembly (1312ms)
			LoadAssemblies (145ms)
			RebuildTransferFunctionScriptingTraits (0ms)
			SetupTypeCache (500ms)
			ReleaseScriptCaches (1ms)
			RebuildScriptCaches (73ms)
			SetupLoadedEditorAssemblies (434ms)
				LogAssemblyErrors (0ms)
				InitializePlatformSupportModulesInManaged (7ms)
				SetLoadedEditorAssemblies (1ms)
				RefreshPlugins (1ms)
				BeforeProcessingInitializeOnLoad (123ms)
				ProcessInitializeOnLoadAttributes (280ms)
				ProcessInitializeOnLoadMethodAttributes (9ms)
				AfterProcessingInitializeOnLoad (14ms)
				EditorAssembliesLoaded (0ms)
			ExecutionOrderSort2 (0ms)
			AwakeInstancesAfterBackupRestoration (16ms)
Platform modules already initialized, skipping
Refreshing native plugins compatible for Editor in 0.85 ms, found 3 plugins.
Preloading 0 native plugins for Editor in 0.00 ms.
Unloading 2095 Unused Serialized files (Serialized files now loaded: 0)
System memory in use before: 95.9 MB.
System memory in use after: 96.0 MB.

Unloading 14 unused Assets to reduce memory usage. Loaded Objects now: 2554.
Total: 4.164300 ms (FindLiveObjects: 0.416800 ms CreateObjectMapping: 0.106300 ms MarkObjects: 3.617700 ms  DeleteObjects: 0.021700 ms)

AssetImportParameters requested are different than current active one (requested -> active):
  custom:framework-win-MediaFoundation: 216162199b28c13a410421893ffa2e32 -> 
  custom:video-decoder-ogg-theora: a1e56fd34408186e4bbccfd4996cb3dc -> 
  custom:container-muxer-webm: aa71ff27fc2769a1b78a27578f13a17b -> 
  custom:container-demuxer-webm: 4f35f7cbe854078d1ac9338744f61a02 -> 
  custom:container-demuxer-ogg: 62fdf1f143b41e24485cea50d1cbac27 -> 
  custom:video-encoder-webm-vp8: eb34c28f22e8b96e1ab97ce403110664 -> 
  custom:video-codec-MediaFoundation-h265: 746d11721c4dcdbdad8f713fa42b33f4 -> 
  custom:video-decoder-webm-vp8: 9c59270c3fd7afecdb556c50c9e8de78 -> 
  custom:audio-decoder-ogg-vorbis: bf7c407c2cedff20999df2af8eb42d56 -> 
  custom:audio-encoder-webm-vorbis: bf7c407c2cedff20999df2af8eb42d56 -> 
========================================================================
Received Prepare
Registering precompiled user dll's ...
Registered in 0.004881 seconds.
Begin MonoManager ReloadAssembly
Native extension for WindowsStandalone target not found
Refreshing native plugins compatible for Editor in 0.74 ms, found 3 plugins.
Preloading 0 native plugins for Editor in 0.00 ms.
Mono: successfully reloaded assembly
- Completed reload, in  1.592 seconds
Domain Reload Profiling:
	ReloadAssembly (1593ms)
		BeginReloadAssembly (173ms)
			ExecutionOrderSort (0ms)
			DisableScriptedObjects (10ms)
			BackupInstance (0ms)
			ReleaseScriptingObjects (0ms)
			CreateAndSetChildDomain (51ms)
		EndReloadAssembly (1309ms)
			LoadAssemblies (145ms)
			RebuildTransferFunctionScriptingTraits (0ms)
			SetupTypeCache (485ms)
			ReleaseScriptCaches (1ms)
			RebuildScriptCaches (76ms)
			SetupLoadedEditorAssemblies (432ms)
				LogAssemblyErrors (0ms)
				InitializePlatformSupportModulesInManaged (7ms)
				SetLoadedEditorAssemblies (2ms)
				RefreshPlugins (1ms)
				BeforeProcessingInitializeOnLoad (123ms)
				ProcessInitializeOnLoadAttributes (277ms)
				ProcessInitializeOnLoadMethodAttributes (8ms)
				AfterProcessingInitializeOnLoad (14ms)
				EditorAssembliesLoaded (0ms)
			ExecutionOrderSort2 (0ms)
			AwakeInstancesAfterBackupRestoration (16ms)
Platform modules already initialized, skipping
Refreshing native plugins compatible for Editor in 0.75 ms, found 3 plugins.
Preloading 0 native plugins for Editor in 0.00 ms.
Unloading 2095 Unused Serialized files (Serialized files now loaded: 0)
System memory in use before: 95.9 MB.
System memory in use after: 96.0 MB.

Unloading 14 unused Assets to reduce memory usage. Loaded Objects now: 2557.
Total: 4.193900 ms (FindLiveObjects: 0.412900 ms CreateObjectMapping: 0.112200 ms MarkObjects: 3.645900 ms  DeleteObjects: 0.021500 ms)

AssetImportParameters requested are different than current active one (requested -> active):
  custom:framework-win-MediaFoundation: 216162199b28c13a410421893ffa2e32 -> 
  custom:video-decoder-ogg-theora: a1e56fd34408186e4bbccfd4996cb3dc -> 
  custom:container-muxer-webm: aa71ff27fc2769a1b78a27578f13a17b -> 
  custom:container-demuxer-webm: 4f35f7cbe854078d1ac9338744f61a02 -> 
  custom:container-demuxer-ogg: 62fdf1f143b41e24485cea50d1cbac27 -> 
  custom:video-encoder-webm-vp8: eb34c28f22e8b96e1ab97ce403110664 -> 
  custom:video-codec-MediaFoundation-h265: 746d11721c4dcdbdad8f713fa42b33f4 -> 
  custom:video-decoder-webm-vp8: 9c59270c3fd7afecdb556c50c9e8de78 -> 
  custom:audio-decoder-ogg-vorbis: bf7c407c2cedff20999df2af8eb42d56 -> 
  custom:audio-encoder-webm-vorbis: bf7c407c2cedff20999df2af8eb42d56 -> 
========================================================================
Received Prepare
Registering precompiled user dll's ...
Registered in 0.005402 seconds.
Begin MonoManager ReloadAssembly
Native extension for WindowsStandalone target not found
Refreshing native plugins compatible for Editor in 0.73 ms, found 3 plugins.
Preloading 0 native plugins for Editor in 0.00 ms.
Mono: successfully reloaded assembly
- Completed reload, in  1.616 seconds
Domain Reload Profiling:
	ReloadAssembly (1616ms)
		BeginReloadAssembly (168ms)
			ExecutionOrderSort (0ms)
			DisableScriptedObjects (10ms)
			BackupInstance (0ms)
			ReleaseScriptingObjects (0ms)
			CreateAndSetChildDomain (53ms)
		EndReloadAssembly (1334ms)
			LoadAssemblies (145ms)
			RebuildTransferFunctionScriptingTraits (0ms)
			SetupTypeCache (498ms)
			ReleaseScriptCaches (1ms)
			RebuildScriptCaches (75ms)
			SetupLoadedEditorAssemblies (454ms)
				LogAssemblyErrors (0ms)
				InitializePlatformSupportModulesInManaged (7ms)
				SetLoadedEditorAssemblies (1ms)
				RefreshPlugins (1ms)
				BeforeProcessingInitializeOnLoad (128ms)
				ProcessInitializeOnLoadAttributes (294ms)
				ProcessInitializeOnLoadMethodAttributes (9ms)
				AfterProcessingInitializeOnLoad (14ms)
				EditorAssembliesLoaded (0ms)
			ExecutionOrderSort2 (0ms)
			AwakeInstancesAfterBackupRestoration (16ms)
Platform modules already initialized, skipping
Refreshing native plugins compatible for Editor in 0.73 ms, found 3 plugins.
Preloading 0 native plugins for Editor in 0.00 ms.
Unloading 2095 Unused Serialized files (Serialized files now loaded: 0)
System memory in use before: 95.9 MB.
System memory in use after: 96.0 MB.

Unloading 14 unused Assets to reduce memory usage. Loaded Objects now: 2560.
Total: 4.232600 ms (FindLiveObjects: 0.449500 ms CreateObjectMapping: 0.102000 ms MarkObjects: 3.655900 ms  DeleteObjects: 0.023600 ms)

AssetImportParameters requested are different than current active one (requested -> active):
  custom:framework-win-MediaFoundation: 216162199b28c13a410421893ffa2e32 -> 
  custom:video-decoder-ogg-theora: a1e56fd34408186e4bbccfd4996cb3dc -> 
  custom:container-muxer-webm: aa71ff27fc2769a1b78a27578f13a17b -> 
  custom:container-demuxer-webm: 4f35f7cbe854078d1ac9338744f61a02 -> 
  custom:container-demuxer-ogg: 62fdf1f143b41e24485cea50d1cbac27 -> 
  custom:video-encoder-webm-vp8: eb34c28f22e8b96e1ab97ce403110664 -> 
  custom:video-codec-MediaFoundation-h265: 746d11721c4dcdbdad8f713fa42b33f4 -> 
  custom:video-decoder-webm-vp8: 9c59270c3fd7afecdb556c50c9e8de78 -> 
  custom:audio-decoder-ogg-vorbis: bf7c407c2cedff20999df2af8eb42d56 -> 
  custom:audio-encoder-webm-vorbis: bf7c407c2cedff20999df2af8eb42d56 -> 
AssetImportWorkerClient::OnTransportError - code=2 error=End of file
